Hmm ... looks like a package

This is pdfTeX, Version 3.1415926-1.40.10 (TeX Live 2009/Debian)
entering extended mode
LaTeX2e <2009/09/24>
Babel <v3.8l> and hyphenation patterns for english, usenglishmax, dumylang, noh
yphenation, loaded.
(./Rd2.tex
(/usr/share/texmf-texlive/tex/latex/base/book.cls
Document Class: book 2007/10/19 v1.4h Standard LaTeX document class
(/usr/share/texmf-texlive/tex/latex/base/bk10.clo))
(/usr/share/R/share/texmf/tex/latex/Rd.sty
(/usr/share/texmf-texlive/tex/latex/base/ifthen.sty)
(/usr/share/texmf-texlive/tex/latex/tools/longtable.sty)
(/usr/share/texmf-texlive/tex/latex/tools/bm.sty)
(/usr/share/texmf-texlive/tex/latex/base/alltt.sty)
(/usr/share/texmf-texlive/tex/latex/tools/verbatim.sty)
(/usr/share/texmf-texlive/tex/latex/ltxmisc/url.sty) NOT loading ae
(/usr/share/texmf-texlive/tex/latex/base/fontenc.sty
(/usr/share/texmf-texlive/tex/latex/base/t1enc.def))
(/usr/share/texmf-texlive/tex/latex/psnfss/times.sty) NOT loading lmodern
(/usr/share/texmf-texlive/tex/latex/inconsolata/inconsolata.sty
(/usr/share/texmf-texlive/tex/latex/base/textcomp.sty
(/usr/share/texmf-texlive/tex/latex/base/ts1enc.def))
(/usr/share/texmf-texlive/tex/latex/graphics/keyval.sty))
(/usr/share/texmf-texlive/tex/latex/graphics/color.sty
(/etc/texmf/tex/latex/config/color.cfg)
(/usr/share/texmf-texlive/tex/latex/pdftex-def/pdftex.def))
(/usr/share/texmf-texlive/tex/latex/hyperref/hyperref.sty
(/usr/share/texmf-texlive/tex/generic/oberdiek/ifpdf.sty)
(/usr/share/texmf-texlive/tex/generic/oberdiek/ifvtex.sty)
(/usr/share/texmf-texlive/tex/generic/ifxetex/ifxetex.sty)
(/usr/share/texmf-texlive/tex/latex/oberdiek/hycolor.sty
(/usr/share/texmf-texlive/tex/latex/oberdiek/xcolor-patch.sty))
(/usr/share/texmf-texlive/tex/latex/hyperref/pd1enc.def)
(/usr/share/texmf-texlive/tex/generic/oberdiek/etexcmds.sty
(/usr/share/texmf-texlive/tex/generic/oberdiek/infwarerr.sty))
(/usr/share/texmf-texlive/tex/latex/latexconfig/hyperref.cfg)
(/usr/share/texmf-texlive/tex/latex/oberdiek/kvoptions.sty
(/usr/share/texmf-texlive/tex/generic/oberdiek/kvsetkeys.sty))
Implicit mode ON; LaTeX internals redefined
(/usr/share/texmf-texlive/tex/generic/oberdiek/bitset.sty
(/usr/share/texmf-texlive/tex/generic/oberdiek/intcalc.sty)
(/usr/share/texmf-texlive/tex/generic/oberdiek/bigintcalc.sty
(/usr/share/texmf-texlive/tex/generic/oberdiek/pdftexcmds.sty
(/usr/share/texmf-texlive/tex/generic/oberdiek/ifluatex.sty)
(/usr/share/texmf-texlive/tex/generic/oberdiek/ltxcmds.sty))))
(/usr/share/texmf-texlive/tex/generic/oberdiek/atbegshi.sty))
*hyperref using default driver hpdftex*
(/usr/share/texmf-texlive/tex/latex/hyperref/hpdftex.def)

Package hyperref Warning: Option `hyperindex' has already been used,
(hyperref)                setting the option has no effect on input line 342.


Package hyperref Warning: Option `pagebackref' has already been used,
(hyperref)                setting the option has no effect on input line 342.

) (/usr/share/texmf-texlive/tex/latex/base/makeidx.sty)
(/usr/share/texmf-texlive/tex/latex/base/inputenc.sty
(/usr/share/texmf-texlive/tex/latex/base/utf8.def
(/usr/share/texmf-texlive/tex/latex/base/t1enc.dfu)
(/usr/share/texmf-texlive/tex/latex/base/ot1enc.dfu)
(/usr/share/texmf-texlive/tex/latex/base/omsenc.dfu)
(/usr/share/texmf-texlive/tex/latex/base/ts1enc.dfu))
(/usr/share/texmf-texlive/tex/latex/base/latin1.def))
Writing index file Rd2.idx
No file Rd2.aux.
(/usr/share/texmf-texlive/tex/latex/base/ts1cmr.fd)
(/usr/share/texmf-texlive/tex/latex/psnfss/t1ptm.fd)
(/usr/share/texmf-texlive/tex/context/base/supp-pdf.mkii
[Loading MPS to PDF converter (version 2006.09.02).]
) (/usr/share/texmf-texlive/tex/latex/hyperref/nameref.sty
(/usr/share/texmf-texlive/tex/latex/oberdiek/refcount.sty))
(/usr/share/texmf-texlive/tex/latex/inconsolata/t1fi4.fd)
Overfull \hbox (121.41pt too wide) in paragraph at lines 28--29
\T1/ptm/m/n/10 peakAnno (>= 2.2.0),GenomicRanges, TxDb.Hsapiens.UCSC.hg19.known
Gene,VariantAnnotation, plyr, org.Hs.eg.db, snpStats  
(/usr/share/texmf-texlive/tex/latex/psnfss/t1phv.fd)
(/usr/share/texmf-texlive/tex/latex/base/utf8.def) [1{/var/lib/texmf/fonts/map/
pdftex/updmap/pdftex.map}] [2]
(/usr/share/texmf-texlive/tex/latex/base/utf8.def) [3] [4]
(/usr/share/texmf-texlive/tex/latex/base/utf8.def) [5]
(/usr/share/texmf-texlive/tex/latex/base/utf8.def) [6] [7]
(/usr/share/texmf-texlive/tex/latex/base/utf8.def) [8]
(/usr/share/texmf-texlive/tex/latex/base/utf8.def) [9]
(/usr/share/texmf-texlive/tex/latex/base/utf8.def)
Overfull \hbox (318.11444pt too wide) in paragraph at lines 537--537
 []\T1/fi4/m/n/10 FunciSNPplot(dat, rsq = 0, split = FALSE, splitbysnp = FALSE,
 tagSummary = FALSE, heatmap = FALSE, genomicSum = FALSE, save = FALSE, pathplo
t=getwd())[] 
[10]
Overfull \hbox (41.78755pt too wide) in paragraph at lines 565--566
[]\T1/ptm/m/n/10 logical: \T1/fi4/m/n/10 save \T1/ptm/m/n/10 to save out-puts t
o folder. Set at getwd(), in folder 'Fun-ciSNP.VERSION/plots 
[11] (/usr/share/texmf-texlive/tex/latex/base/utf8.def) [12]
(/usr/share/texmf-texlive/tex/latex/base/utf8.def) [13]
(/usr/share/texmf-texlive/tex/latex/base/utf8.def)
Overfull \hbox (33.6275pt too wide) in paragraph at lines 760--761
\T1/ptm/m/n/10 nomic lo-ca-tion. Ge-nomic lo-ca-tion is used to de-fine the win
-dow size (see 'search.window'

Overfull \hbox (17.35721pt too wide) in paragraph at lines 760--761
\T1/ptm/m/n/10 ar-gu-ment). See ex-am-ple file here: file.path(system.file('dat
a',package='FunciSNP'),

Overfull \hbox (1.23955pt too wide) in paragraph at lines 763--764
\T1/ptm/m/n/10 BED for-mats [][]$\T1/fi4/m/n/10 http : / / genome . ucsc . edu 
/ FAQ / FAQformat . html # format1$[][]\T1/ptm/m/n/10 . See
[14] [15] (/usr/share/texmf-texlive/tex/latex/base/utf8.def) [16] [17]
(/usr/share/texmf-texlive/tex/latex/base/utf8.def) [18]
No file Rd2.ind.
[19] (./Rd2.aux) )
(see the transcript file for additional information){/usr/share/texmf-texlive/f
onts/enc/dvips/base/8r.enc}{/usr/share/texmf-texlive/fonts/enc/dvips/inconsolat
a/fi4-ec.enc}</usr/share/texmf-texlive/fonts/type1/public/inconsolata/Inconsola
ta.pfb></usr/share/texmf-texlive/fonts/type1/urw/helvetic/uhvr8a.pfb></usr/shar
e/texmf-texlive/fonts/type1/urw/times/utmb8a.pfb></usr/share/texmf-texlive/font
s/type1/urw/times/utmr8a.pfb></usr/share/texmf-texlive/fonts/type1/urw/times/ut
mr8a.pfb></usr/share/texmf-texlive/fonts/type1/urw/times/utmri8a.pfb>
Output written on Rd2.pdf (19 pages, 150509 bytes).
Transcript written on Rd2.log.
This is makeindex, version 2.15 [TeX Live 2009] (kpathsea + Thai support).
Scanning input file Rd2.idx....done (163 entries accepted, 0 rejected).
Sorting entries....done (1290 comparisons).
Generating output file Rd2.ind....done (239 lines written, 4 warnings).
Output written in Rd2.ind.
Transcript written in Rd2.ilg.
This is pdfTeX, Version 3.1415926-1.40.10 (TeX Live 2009/Debian)
entering extended mode
LaTeX2e <2009/09/24>
Babel <v3.8l> and hyphenation patterns for english, usenglishmax, dumylang, noh
yphenation, loaded.
(./Rd2.tex
(/usr/share/texmf-texlive/tex/latex/base/book.cls
Document Class: book 2007/10/19 v1.4h Standard LaTeX document class
(/usr/share/texmf-texlive/tex/latex/base/bk10.clo))
(/usr/share/R/share/texmf/tex/latex/Rd.sty
(/usr/share/texmf-texlive/tex/latex/base/ifthen.sty)
(/usr/share/texmf-texlive/tex/latex/tools/longtable.sty)
(/usr/share/texmf-texlive/tex/latex/tools/bm.sty)
(/usr/share/texmf-texlive/tex/latex/base/alltt.sty)
(/usr/share/texmf-texlive/tex/latex/tools/verbatim.sty)
(/usr/share/texmf-texlive/tex/latex/ltxmisc/url.sty) NOT loading ae
(/usr/share/texmf-texlive/tex/latex/base/fontenc.sty
(/usr/share/texmf-texlive/tex/latex/base/t1enc.def))
(/usr/share/texmf-texlive/tex/latex/psnfss/times.sty) NOT loading lmodern
(/usr/share/texmf-texlive/tex/latex/inconsolata/inconsolata.sty
(/usr/share/texmf-texlive/tex/latex/base/textcomp.sty
(/usr/share/texmf-texlive/tex/latex/base/ts1enc.def))
(/usr/share/texmf-texlive/tex/latex/graphics/keyval.sty))
(/usr/share/texmf-texlive/tex/latex/graphics/color.sty
(/etc/texmf/tex/latex/config/color.cfg)
(/usr/share/texmf-texlive/tex/latex/pdftex-def/pdftex.def))
(/usr/share/texmf-texlive/tex/latex/hyperref/hyperref.sty
(/usr/share/texmf-texlive/tex/generic/oberdiek/ifpdf.sty)
(/usr/share/texmf-texlive/tex/generic/oberdiek/ifvtex.sty)
(/usr/share/texmf-texlive/tex/generic/ifxetex/ifxetex.sty)
(/usr/share/texmf-texlive/tex/latex/oberdiek/hycolor.sty
(/usr/share/texmf-texlive/tex/latex/oberdiek/xcolor-patch.sty))
(/usr/share/texmf-texlive/tex/latex/hyperref/pd1enc.def)
(/usr/share/texmf-texlive/tex/generic/oberdiek/etexcmds.sty
(/usr/share/texmf-texlive/tex/generic/oberdiek/infwarerr.sty))
(/usr/share/texmf-texlive/tex/latex/latexconfig/hyperref.cfg)
(/usr/share/texmf-texlive/tex/latex/oberdiek/kvoptions.sty
(/usr/share/texmf-texlive/tex/generic/oberdiek/kvsetkeys.sty))
Implicit mode ON; LaTeX internals redefined
(/usr/share/texmf-texlive/tex/generic/oberdiek/bitset.sty
(/usr/share/texmf-texlive/tex/generic/oberdiek/intcalc.sty)
(/usr/share/texmf-texlive/tex/generic/oberdiek/bigintcalc.sty
(/usr/share/texmf-texlive/tex/generic/oberdiek/pdftexcmds.sty
(/usr/share/texmf-texlive/tex/generic/oberdiek/ifluatex.sty)
(/usr/share/texmf-texlive/tex/generic/oberdiek/ltxcmds.sty))))
(/usr/share/texmf-texlive/tex/generic/oberdiek/atbegshi.sty))
*hyperref using default driver hpdftex*
(/usr/share/texmf-texlive/tex/latex/hyperref/hpdftex.def)

Package hyperref Warning: Option `hyperindex' has already been used,
(hyperref)                setting the option has no effect on input line 342.


Package hyperref Warning: Option `pagebackref' has already been used,
(hyperref)                setting the option has no effect on input line 342.

) (/usr/share/texmf-texlive/tex/latex/base/makeidx.sty)
(/usr/share/texmf-texlive/tex/latex/base/inputenc.sty
(/usr/share/texmf-texlive/tex/latex/base/utf8.def
(/usr/share/texmf-texlive/tex/latex/base/t1enc.dfu)
(/usr/share/texmf-texlive/tex/latex/base/ot1enc.dfu)
(/usr/share/texmf-texlive/tex/latex/base/omsenc.dfu)
(/usr/share/texmf-texlive/tex/latex/base/ts1enc.dfu))
(/usr/share/texmf-texlive/tex/latex/base/latin1.def))
Writing index file Rd2.idx
(./Rd2.aux) (/usr/share/texmf-texlive/tex/latex/base/ts1cmr.fd)
(/usr/share/texmf-texlive/tex/latex/psnfss/t1ptm.fd)
(/usr/share/texmf-texlive/tex/context/base/supp-pdf.mkii
[Loading MPS to PDF converter (version 2006.09.02).]
) (/usr/share/texmf-texlive/tex/latex/hyperref/nameref.sty
(/usr/share/texmf-texlive/tex/latex/oberdiek/refcount.sty)) (./Rd2.out)
(./Rd2.out) (/usr/share/texmf-texlive/tex/latex/inconsolata/t1fi4.fd)
Overfull \hbox (121.41pt too wide) in paragraph at lines 28--29
\T1/ptm/m/n/10 peakAnno (>= 2.2.0),GenomicRanges, TxDb.Hsapiens.UCSC.hg19.known
Gene,VariantAnnotation, plyr, org.Hs.eg.db, snpStats  
(/usr/share/texmf-texlive/tex/latex/psnfss/t1phv.fd) (./Rd2.toc [1{/var/lib/tex
mf/fonts/map/pdftex/updmap/pdftex.map}])
(/usr/share/texmf-texlive/tex/latex/base/utf8.def) [2]
(/usr/share/texmf-texlive/tex/latex/base/utf8.def) [3] [4]
(/usr/share/texmf-texlive/tex/latex/base/utf8.def) [5]
(/usr/share/texmf-texlive/tex/latex/base/utf8.def) [6] [7]
(/usr/share/texmf-texlive/tex/latex/base/utf8.def) [8]
(/usr/share/texmf-texlive/tex/latex/base/utf8.def) [9]
(/usr/share/texmf-texlive/tex/latex/base/utf8.def)
Overfull \hbox (318.11444pt too wide) in paragraph at lines 537--537
 []\T1/fi4/m/n/10 FunciSNPplot(dat, rsq = 0, split = FALSE, splitbysnp = FALSE,
 tagSummary = FALSE, heatmap = FALSE, genomicSum = FALSE, save = FALSE, pathplo
t=getwd())[] 
[10]
Overfull \hbox (41.78755pt too wide) in paragraph at lines 565--566
[]\T1/ptm/m/n/10 logical: \T1/fi4/m/n/10 save \T1/ptm/m/n/10 to save out-puts t
o folder. Set at getwd(), in folder 'Fun-ciSNP.VERSION/plots 
[11] (/usr/share/texmf-texlive/tex/latex/base/utf8.def) [12]
(/usr/share/texmf-texlive/tex/latex/base/utf8.def) [13]
(/usr/share/texmf-texlive/tex/latex/base/utf8.def)
Overfull \hbox (33.6275pt too wide) in paragraph at lines 760--761
\T1/ptm/m/n/10 nomic lo-ca-tion. Ge-nomic lo-ca-tion is used to de-fine the win
-dow size (see 'search.window'

Overfull \hbox (17.35721pt too wide) in paragraph at lines 760--761
\T1/ptm/m/n/10 ar-gu-ment). See ex-am-ple file here: file.path(system.file('dat
a',package='FunciSNP'),

Overfull \hbox (1.23955pt too wide) in paragraph at lines 763--764
\T1/ptm/m/n/10 BED for-mats [][]$\T1/fi4/m/n/10 http : / / genome . ucsc . edu 
/ FAQ / FAQformat . html # format1$[][]\T1/ptm/m/n/10 . See
[14] [15] (/usr/share/texmf-texlive/tex/latex/base/utf8.def) [16] [17]
(/usr/share/texmf-texlive/tex/latex/base/utf8.def) [18] (./Rd2.ind [19]

LaTeX Font Warning: Font shape `T1/fi4/m/it' undefined
(Font)              using `T1/fi4/m/n' instead on input line 31.


Overfull \hbox (5.8567pt too wide) in paragraph at lines 35--37
[]\T1/fi4/m/it/10 AFR.overlapping.snps.geno,TagSNP-method 

Overfull \hbox (5.8567pt too wide) in paragraph at lines 49--51
[]\T1/fi4/m/it/10 ALL.overlapping.snps.geno,TagSNP-method 

Overfull \hbox (5.8567pt too wide) in paragraph at lines 71--73
[]\T1/fi4/m/it/10 AMR.overlapping.snps.geno,TagSNP-method 
[20]
Overfull \hbox (5.8567pt too wide) in paragraph at lines 85--87
[]\T1/fi4/m/it/10 ASN.overlapping.snps.geno,TagSNP-method 

Overfull \hbox (5.8567pt too wide) in paragraph at lines 126--128
[]\T1/fi4/m/it/10 EUR.overlapping.snps.geno,TagSNP-method 

Overfull \hbox (20.8567pt too wide) in paragraph at lines 174--176
[]\T1/fi4/m/it/10 overlapping.features,CorrelatedSNPs-method 

Overfull \hbox (30.8567pt too wide) in paragraph at lines 178--180
[]\T1/fi4/m/it/10 overlapping.features<-,CorrelatedSNPs-method 
[21] [22]) (./Rd2.aux)

LaTeX Font Warning: Some font shapes were not available, defaults substituted.

 )
(see the transcript file for additional information){/usr/share/texmf-texlive/f
onts/enc/dvips/base/8r.enc}{/usr/share/texmf-texlive/fonts/enc/dvips/inconsolat
a/fi4-ec.enc}</usr/share/texmf-texlive/fonts/type1/public/inconsolata/Inconsola
ta.pfb></usr/share/texmf-texlive/fonts/type1/public/amsfonts/cm/cmsy10.pfb></us
r/share/texmf-texlive/fonts/type1/urw/helvetic/uhvr8a.pfb></usr/share/texmf-tex
live/fonts/type1/urw/times/utmb8a.pfb></usr/share/texmf-texlive/fonts/type1/urw
/times/utmr8a.pfb></usr/share/texmf-texlive/fonts/type1/urw/times/utmr8a.pfb></
usr/share/texmf-texlive/fonts/type1/urw/times/utmri8a.pfb>
Output written on Rd2.pdf (22 pages, 189711 bytes).
Transcript written on Rd2.log.
This is makeindex, version 2.15 [TeX Live 2009] (kpathsea + Thai support).
Scanning input file Rd2.idx....done (163 entries accepted, 0 rejected).
Sorting entries....done (1290 comparisons).
Generating output file Rd2.ind....done (239 lines written, 4 warnings).
Output written in Rd2.ind.
Transcript written in Rd2.ilg.
This is pdfTeX, Version 3.1415926-1.40.10 (TeX Live 2009/Debian)
entering extended mode
LaTeX2e <2009/09/24>
Babel <v3.8l> and hyphenation patterns for english, usenglishmax, dumylang, noh
yphenation, loaded.
(./Rd2.tex
(/usr/share/texmf-texlive/tex/latex/base/book.cls
Document Class: book 2007/10/19 v1.4h Standard LaTeX document class
(/usr/share/texmf-texlive/tex/latex/base/bk10.clo))
(/usr/share/R/share/texmf/tex/latex/Rd.sty
(/usr/share/texmf-texlive/tex/latex/base/ifthen.sty)
(/usr/share/texmf-texlive/tex/latex/tools/longtable.sty)
(/usr/share/texmf-texlive/tex/latex/tools/bm.sty)
(/usr/share/texmf-texlive/tex/latex/base/alltt.sty)
(/usr/share/texmf-texlive/tex/latex/tools/verbatim.sty)
(/usr/share/texmf-texlive/tex/latex/ltxmisc/url.sty) NOT loading ae
(/usr/share/texmf-texlive/tex/latex/base/fontenc.sty
(/usr/share/texmf-texlive/tex/latex/base/t1enc.def))
(/usr/share/texmf-texlive/tex/latex/psnfss/times.sty) NOT loading lmodern
(/usr/share/texmf-texlive/tex/latex/inconsolata/inconsolata.sty
(/usr/share/texmf-texlive/tex/latex/base/textcomp.sty
(/usr/share/texmf-texlive/tex/latex/base/ts1enc.def))
(/usr/share/texmf-texlive/tex/latex/graphics/keyval.sty))
(/usr/share/texmf-texlive/tex/latex/graphics/color.sty
(/etc/texmf/tex/latex/config/color.cfg)
(/usr/share/texmf-texlive/tex/latex/pdftex-def/pdftex.def))
(/usr/share/texmf-texlive/tex/latex/hyperref/hyperref.sty
(/usr/share/texmf-texlive/tex/generic/oberdiek/ifpdf.sty)
(/usr/share/texmf-texlive/tex/generic/oberdiek/ifvtex.sty)
(/usr/share/texmf-texlive/tex/generic/ifxetex/ifxetex.sty)
(/usr/share/texmf-texlive/tex/latex/oberdiek/hycolor.sty
(/usr/share/texmf-texlive/tex/latex/oberdiek/xcolor-patch.sty))
(/usr/share/texmf-texlive/tex/latex/hyperref/pd1enc.def)
(/usr/share/texmf-texlive/tex/generic/oberdiek/etexcmds.sty
(/usr/share/texmf-texlive/tex/generic/oberdiek/infwarerr.sty))
(/usr/share/texmf-texlive/tex/latex/latexconfig/hyperref.cfg)
(/usr/share/texmf-texlive/tex/latex/oberdiek/kvoptions.sty
(/usr/share/texmf-texlive/tex/generic/oberdiek/kvsetkeys.sty))
Implicit mode ON; LaTeX internals redefined
(/usr/share/texmf-texlive/tex/generic/oberdiek/bitset.sty
(/usr/share/texmf-texlive/tex/generic/oberdiek/intcalc.sty)
(/usr/share/texmf-texlive/tex/generic/oberdiek/bigintcalc.sty
(/usr/share/texmf-texlive/tex/generic/oberdiek/pdftexcmds.sty
(/usr/share/texmf-texlive/tex/generic/oberdiek/ifluatex.sty)
(/usr/share/texmf-texlive/tex/generic/oberdiek/ltxcmds.sty))))
(/usr/share/texmf-texlive/tex/generic/oberdiek/atbegshi.sty))
*hyperref using default driver hpdftex*
(/usr/share/texmf-texlive/tex/latex/hyperref/hpdftex.def)

Package hyperref Warning: Option `hyperindex' has already been used,
(hyperref)                setting the option has no effect on input line 342.


Package hyperref Warning: Option `pagebackref' has already been used,
(hyperref)                setting the option has no effect on input line 342.

) (/usr/share/texmf-texlive/tex/latex/base/makeidx.sty)
(/usr/share/texmf-texlive/tex/latex/base/inputenc.sty
(/usr/share/texmf-texlive/tex/latex/base/utf8.def
(/usr/share/texmf-texlive/tex/latex/base/t1enc.dfu)
(/usr/share/texmf-texlive/tex/latex/base/ot1enc.dfu)
(/usr/share/texmf-texlive/tex/latex/base/omsenc.dfu)
(/usr/share/texmf-texlive/tex/latex/base/ts1enc.dfu))
(/usr/share/texmf-texlive/tex/latex/base/latin1.def))
Writing index file Rd2.idx
(./Rd2.aux) (/usr/share/texmf-texlive/tex/latex/base/ts1cmr.fd)
(/usr/share/texmf-texlive/tex/latex/psnfss/t1ptm.fd)
(/usr/share/texmf-texlive/tex/context/base/supp-pdf.mkii
[Loading MPS to PDF converter (version 2006.09.02).]
) (/usr/share/texmf-texlive/tex/latex/hyperref/nameref.sty
(/usr/share/texmf-texlive/tex/latex/oberdiek/refcount.sty)) (./Rd2.out)
(./Rd2.out) (/usr/share/texmf-texlive/tex/latex/inconsolata/t1fi4.fd)
Overfull \hbox (121.41pt too wide) in paragraph at lines 28--29
\T1/ptm/m/n/10 peakAnno (>= 2.2.0),GenomicRanges, TxDb.Hsapiens.UCSC.hg19.known
Gene,VariantAnnotation, plyr, org.Hs.eg.db, snpStats  
(/usr/share/texmf-texlive/tex/latex/psnfss/t1phv.fd) (./Rd2.toc [1{/var/lib/tex
mf/fonts/map/pdftex/updmap/pdftex.map}])
(/usr/share/texmf-texlive/tex/latex/base/utf8.def) [2]
(/usr/share/texmf-texlive/tex/latex/base/utf8.def) [3] [4]
(/usr/share/texmf-texlive/tex/latex/base/utf8.def) [5]
(/usr/share/texmf-texlive/tex/latex/base/utf8.def) [6] [7]
(/usr/share/texmf-texlive/tex/latex/base/utf8.def) [8]
(/usr/share/texmf-texlive/tex/latex/base/utf8.def) [9]
(/usr/share/texmf-texlive/tex/latex/base/utf8.def)
Overfull \hbox (318.11444pt too wide) in paragraph at lines 537--537
 []\T1/fi4/m/n/10 FunciSNPplot(dat, rsq = 0, split = FALSE, splitbysnp = FALSE,
 tagSummary = FALSE, heatmap = FALSE, genomicSum = FALSE, save = FALSE, pathplo
t=getwd())[] 
[10]
Overfull \hbox (41.78755pt too wide) in paragraph at lines 565--566
[]\T1/ptm/m/n/10 logical: \T1/fi4/m/n/10 save \T1/ptm/m/n/10 to save out-puts t
o folder. Set at getwd(), in folder 'Fun-ciSNP.VERSION/plots 
[11] (/usr/share/texmf-texlive/tex/latex/base/utf8.def) [12]
(/usr/share/texmf-texlive/tex/latex/base/utf8.def) [13]
(/usr/share/texmf-texlive/tex/latex/base/utf8.def)
Overfull \hbox (33.6275pt too wide) in paragraph at lines 760--761
\T1/ptm/m/n/10 nomic lo-ca-tion. Ge-nomic lo-ca-tion is used to de-fine the win
-dow size (see 'search.window'

Overfull \hbox (17.35721pt too wide) in paragraph at lines 760--761
\T1/ptm/m/n/10 ar-gu-ment). See ex-am-ple file here: file.path(system.file('dat
a',package='FunciSNP'),

Overfull \hbox (1.23955pt too wide) in paragraph at lines 763--764
\T1/ptm/m/n/10 BED for-mats [][]$\T1/fi4/m/n/10 http : / / genome . ucsc . edu 
/ FAQ / FAQformat . html # format1$[][]\T1/ptm/m/n/10 . See
[14] [15] (/usr/share/texmf-texlive/tex/latex/base/utf8.def) [16] [17]
(/usr/share/texmf-texlive/tex/latex/base/utf8.def) [18] (./Rd2.ind [19]

LaTeX Font Warning: Font shape `T1/fi4/m/it' undefined
(Font)              using `T1/fi4/m/n' instead on input line 31.


Overfull \hbox (5.8567pt too wide) in paragraph at lines 35--37
[]\T1/fi4/m/it/10 AFR.overlapping.snps.geno,TagSNP-method 

Overfull \hbox (5.8567pt too wide) in paragraph at lines 49--51
[]\T1/fi4/m/it/10 ALL.overlapping.snps.geno,TagSNP-method 

Overfull \hbox (5.8567pt too wide) in paragraph at lines 71--73
[]\T1/fi4/m/it/10 AMR.overlapping.snps.geno,TagSNP-method 
[20]
Overfull \hbox (5.8567pt too wide) in paragraph at lines 85--87
[]\T1/fi4/m/it/10 ASN.overlapping.snps.geno,TagSNP-method 

Overfull \hbox (5.8567pt too wide) in paragraph at lines 126--128
[]\T1/fi4/m/it/10 EUR.overlapping.snps.geno,TagSNP-method 

Overfull \hbox (20.8567pt too wide) in paragraph at lines 174--176
[]\T1/fi4/m/it/10 overlapping.features,CorrelatedSNPs-method 

Overfull \hbox (30.8567pt too wide) in paragraph at lines 178--180
[]\T1/fi4/m/it/10 overlapping.features<-,CorrelatedSNPs-method 
[21] [22]) (./Rd2.aux)

LaTeX Font Warning: Some font shapes were not available, defaults substituted.

 )
(see the transcript file for additional information){/usr/share/texmf-texlive/f
onts/enc/dvips/base/8r.enc}{/usr/share/texmf-texlive/fonts/enc/dvips/inconsolat
a/fi4-ec.enc}</usr/share/texmf-texlive/fonts/type1/public/inconsolata/Inconsola
ta.pfb></usr/share/texmf-texlive/fonts/type1/public/amsfonts/cm/cmsy10.pfb></us
r/share/texmf-texlive/fonts/type1/urw/helvetic/uhvr8a.pfb></usr/share/texmf-tex
live/fonts/type1/urw/times/utmb8a.pfb></usr/share/texmf-texlive/fonts/type1/urw
/times/utmr8a.pfb></usr/share/texmf-texlive/fonts/type1/urw/times/utmr8a.pfb></
usr/share/texmf-texlive/fonts/type1/urw/times/utmri8a.pfb>
Output written on Rd2.pdf (22 pages, 190207 bytes).
Transcript written on Rd2.log.
Saving output to 'FunciSNP-manual.pdf' ...
Done
You may want to clean up by 'rm -rf /tmp/RtmpwlBEsw/Rd2pdf72e63e4c1ace'
