* using log directory ‘/home/scoetzee/scripts/Coetzee_Seq_Analysis/FuncSNPi/wip/FunciSNP.Rcheck’
* using R version 2.14.0 (2011-10-31)
* using platform: x86_64-unknown-linux-gnu (64-bit)
* using session charset: UTF-8
* checking for file ‘FunciSNP/DESCRIPTION’ ... OK
* checking extension type ... Package
* this is package ‘FunciSNP’ version ‘1.0.0’
* checking package namespace information ... OK
* checking package dependencies ... OK
* checking if this is a source package ... OK
* checking if there is a namespace ... OK
* checking for executable files ... OK
* checking whether package ‘FunciSNP’ can be installed ... OK
* checking installed package size ... OK
* checking package directory ... OK
* checking for portable file names ... OK
* checking for sufficient/correct file permissions ... OK
* checking DESCRIPTION meta-information ... OK
* checking top-level files ... OK
* checking index information ... OK
* checking package subdirectories ... OK
* checking R files for non-ASCII characters ... OK
* checking R files for syntax errors ... OK
* checking whether the package can be loaded ... OK
* checking whether the package can be loaded with stated dependencies ... OK
* checking whether the package can be unloaded cleanly ... OK
* checking whether the namespace can be loaded with stated dependencies ... OK
* checking whether the namespace can be unloaded cleanly ... OK
* checking for unstated dependencies in R code ... WARNING
package ‘methods’ is used but not declared
See the information on DESCRIPTION files in the chapter ‘Creating R
packages’ of the ‘Writing R Extensions’ manual.
* checking S3 generic/method consistency ...